<?xml version="1.0" encoding="UTF-8"?>
<testng-results skipped="0" failed="0" ignored="0" total="1" passed="1">
  <reporter-output>
  </reporter-output>
  <suite name="Default suite" duration-ms="7779" started-at="2019-01-23T10:57:57Z" finished-at="2019-01-23T10:58:05Z">
    <groups>
    </groups>
    <test name="Default test" duration-ms="7779" started-at="2019-01-23T10:57:57Z" finished-at="2019-01-23T10:58:05Z">
      <class name="com.presentEx.ActionsRightAndDoubleClick">
        <test-method status="PASS" signature="setUp()[pri:0, instance:com.presentEx.ActionsRightAndDoubleClick@27a8c74e]" name="setUp" is-config="true" duration-ms="6798" started-at="2019-01-23T10:57:57Z" finished-at="2019-01-23T10:58:04Z">
          <reporter-output>
          </reporter-output>
        </test-method> <!-- setUp -->
        <test-method status="PASS" signature="runTest()[pri:0, instance:com.presentEx.ActionsRightAndDoubleClick@27a8c74e]" name="runTest" duration-ms="921" started-at="2019-01-23T10:58:04Z" finished-at="2019-01-23T10:58:05Z">
          <reporter-output>
          </reporter-output>
        </test-method> <!-- runTest -->
      </class> <!-- com.presentEx.ActionsRightAndDoubleClick -->
    </test> <!-- Default test -->
  </suite> <!-- Default suite -->
</testng-results>
