<?xml version="1.0" encoding="UTF-8"?>
<!-- Generated by org.testng.reporters.JUnitXMLReporter -->
<testsuite hostname="VED-9141" ignored="0" name="Default test" tests="4" failures="0" timestamp="17 Jan 2019 11:18:40 GMT" time="9.936" errors="0">
  <testcase name="openBrowser" time="3.243" classname="com.example.NewTest1"/>
  <testcase name="launchGoogle" time="2.004" classname="com.example.NewTest1"/>
  <testcase name="peformSeachAndClick1stLink" time="1.628" classname="com.example.NewTest1"/>
  <testcase name="FaceBookPageTitleVerification" time="3.012" classname="com.example.NewTest1"/>
</testsuite> <!-- Default test -->
