<?xml version="1.0" encoding="UTF-8"?>
<testng-results skipped="0" failed="0" ignored="0" total="1" passed="1">
  <reporter-output>
  </reporter-output>
  <suite name="Default suite" duration-ms="9903" started-at="2019-01-21T06:25:56Z" finished-at="2019-01-21T06:26:06Z">
    <groups>
    </groups>
    <test name="Default test" duration-ms="9903" started-at="2019-01-21T06:25:56Z" finished-at="2019-01-21T06:26:06Z">
      <class name="test.TestWithPageFactory">
        <test-method status="PASS" signature="setUp()[pri:0, instance:test.TestWithPageFactory@1b68ddbd]" name="setUp" is-config="true" duration-ms="6356" started-at="2019-01-21T06:25:56Z" finished-at="2019-01-21T06:26:02Z">
          <reporter-output>
          </reporter-output>
        </test-method> <!-- setUp -->
        <test-method status="PASS" signature="test_Home_Page_Appear_Correct()[pri:0, instance:test.TestWithPageFactory@1b68ddbd]" name="test_Home_Page_Appear_Correct" duration-ms="3516" started-at="2019-01-21T06:26:02Z" finished-at="2019-01-21T06:26:06Z">
          <reporter-output>
          </reporter-output>
        </test-method> <!-- test_Home_Page_Appear_Correct -->
      </class> <!-- test.TestWithPageFactory -->
    </test> <!-- Default test -->
  </suite> <!-- Default suite -->
</testng-results>
