<?xml version="1.0" encoding="UTF-8"?>
<!-- Generated by org.testng.reporters.JUnitXMLReporter -->
<testsuite hostname="VED-9141" ignored="0" name="testGuru" tests="2" failures="1" timestamp="18 Jan 2019 07:22:33 GMT" time="10.244" errors="0">
  <testcase name="Login" time="5.506" classname="com.listeners_demo.TestCases"/>
  <testcase name="TestToFail" time="0.004" classname="com.listeners_demo.TestCases">
    <failure type="java.lang.AssertionError" message="expected [true] but found [false]">
      <![CDATA[java.lang.AssertionError: expected [true] but found [false]
at com.listeners_demo.TestCases.TestToFail(TestCases.java:42)
... Removed 29 stack frames]]>
    </failure>
  </testcase> <!-- TestToFail -->
</testsuite> <!-- testGuru -->
