<?xml version="1.0" encoding="UTF-8"?>
<!-- Generated by org.testng.reporters.JUnitXMLReporter -->
<testsuite hostname="VED-9141" ignored="0" name="testGuru" tests="3" failures="0" timestamp="17 Jan 2019 11:17:46 GMT" time="11.907" errors="0">
  <testcase name="executSessionThree" time="10.542" classname="com.parallelTest.MultiplaSession"/>
  <testcase name="executSessionOne" time="11.493" classname="com.parallelTest.MultiplaSession"/>
  <testcase name="executeSessionTwo" time="11.841" classname="com.parallelTest.MultiplaSession"/>
</testsuite> <!-- testGuru -->
